Traceback (most recent call last):
  File "c:\code\erArk\Script\Core\game_init.py", line 50, in init
    run_main_flow()
  File "c:\code\erArk\Script\Core\game_init.py", line 42, in run_main_flow
    main_flow()
  File "c:\code\erArk\Script\Design\start_flow.py", line 16, in start_frame
    constant.panel_data[cache.now_panel_id]()
  File "c:\code\erArk\Script\Design\handle_panel.py", line 18, in return_wrapper
    return func(*args, **kwargs)
  File "c:\code\erArk\Script\UI\Flow\in_scene_flow.py", line 15, in in_scene_flow
    now_panel.draw()
  File "c:\code\erArk\Script\UI\Panel\in_scene_panel.py", line 281, in draw
    flow_handle.askfor_all(ask_list)
  File "c:\code\erArk\Script\Core\flow_handle.py", line 274, in askfor_all
    _cmd_deal(order)
  File "c:\code\erArk\Script\Core\flow_handle.py", line 191, in _cmd_deal
    cmd_map[order_number]()
  File "c:\code\erArk\Script\Core\flow_handle.py", line 118, in run_func
    cmd_func(*arg, **kw)
  File "c:\code\erArk\Script\UI\Panel\in_scene_panel.py", line 427, in handle_instruct
    handle_instruct.handle_instruct(instruct_id)
  File "c:\code\erArk\Script\Design\handle_instruct.py", line 48, in handle_instruct
    constant.handle_instruct_data[instruct]()
  File "c:\code\erArk\Script\Design\handle_instruct.py", line 64, in return_wrapper
    return func(*args, **kwargs)
  File "c:\code\erArk\Script\Design\handle_instruct.py", line 1143, in handle_cilt_caress
    update.game_update_flow(10)
  File "c:\code\erArk\Script\Design\update.py", line 13, in game_update_flow
    character_behavior.init_character_behavior()
  File "c:\code\erArk\Script\Design\character_behavior.py", line 46, in init_character_behavior
    character_behavior(character_id, cache.game_time)
  File "c:\code\erArk\Script\Design\character_behavior.py", line 89, in character_behavior
    status_judge = judge_character_status(character_id, now_time)
  File "c:\code\erArk\Script\Design\character_behavior.py", line 192, in judge_character_status
    now_panel = settle_behavior.handle_settle_behavior(character_id, end_time)
  File "c:\code\erArk\Script\Design\settle_behavior.py", line 39, in handle_settle_behavior
    check_second_effect(0)
  File "c:\code\erArk\Script\Design\settle_behavior.py", line 402, in check_second_effect
    constant.settle_second_behavior_effect_data[effect_id](character_id, status_data)
KeyError: 212
