更新日志
----------

2022.9.2
v0.15
实装：（地图系统）实装了新的疗养庭院地图、仓储区地图
实装：（人物属性）实装了困倦值，日常行动增加，到一定数值限制行动，睡觉归0
实装：（人物属性）AI有同样的困倦值，同样在很困的时候会回宿舍睡觉

修正：修正了气力判定时错误地把mp=0判定太累了
修正：获得刻印时增加对应的状态值
修正：把睡眠降低困倦值改为按睡眠时间线性结算
修正：更改了回复体力和气力的算法
修正：默认开启娱乐和工作面板
修正：修正了部分地图里厕所的构造


2022.8.31
v0.14
实装：（射精系统）独立的精液计算类，并实装在肉体情报里
实装：（射精系统）查看当前部位的精液状况的指令
实装：（射精系统）在射精时选择部位，相应部位增加精液值，可在污浊和肉体里查看
实装：（射精系统）服装部位的污浊程度
实装：（射精系统）在射精部位选择里增加了可以射在服装上
实装：（污浊系统）实装了肛门脏污属性，有普通和精液灌肠两种
实装：（人物）夜莺 by凯布利斯
实装：（道具系统）加入了金钱属性，分龙门币、合成玉和至纯源石三类
实装：（道具系统）实装了道具商店和背包指令，购买后可在背包里看到
实装：（道具系统）增加了道具的数量属性，在商店里可购买多个，最大堆叠99个
实装：（道具系统）实装了各道具的拥有前提，并绑定在对应指令上
实装：（道具系统）实装了润滑液、媚药、灌肠、乳头夹、阴蒂夹(和相关的属性)
实装：（道具系统）在H时可以显示当前已经使用的道具列表状态了
实装：（道具系统）实装了使用道具情况下的二次结算
实装：（指令系统）新增了工作指令和相关的学识技能、工作可以在博士办公室进行

修正：把自动存档改为24点时触发一次
修正：修正了轻重性骚扰失败的信息重复发送两次的bug
修正：把版本改成了按日结算
修正：把控制中枢和大地图的地点名从数字改为了中文
修正：给部分性爱指令加了技巧前提
修正：射精和绝顶会增加女方的润滑，程度越高增加越多
修正：进入游戏后默认开启日常面板
修正：邀请H后自动开启性爱面板，结束后自动关闭
修正：做饭系统不会再重复进入一次子面板
修正：商店里会显示已经购买过的道具了
修正：修改了结算面板的输出，进行分类使其更易读
修正：24点时清零污浊状态
修正：修正了没有初始化H状态的BUG
修正：把邀请H、告白和戴上项圈放到了猥亵栏里


2021.10.7
v0.13
修正了快A和射精槽在24点后没有正确清零的BUG
修正了NPC对玩家的四个主动互动行动的地文里的称谓错误
修正了24点后没有刷新高潮程度计数的BUG
修正了NPC疲劳后回到宿舍不会立刻睡觉的BUG
实装了A性交的九个指令
实装了初吻、处女、A处女的二段结算与行动
增加了NPC的AI行动，如果看到（非自己宿舍的）场景里有其他角色在和玩家H，且自己没有在跟随或H中，会逃回自己宿舍
增加了猥亵系指令的失败判定，包括数值结算和文本输出
把角色状态对实行值的加成削减到了五分之一
增加了角色属性中的心情值、包括：一、5以下为好心情，30以上会坏心情，50以上为愤怒。二、每天早上心情值会刷新为（1~35）的随机值。三、对角色骚扰指令失败时会加心情值。四、好心情会加实行值，坏心情会减实行值。五、对坏心情的角色使用道歉和听牢骚指令可以减心情值，区别在于道歉是因为自己的指令使对方生气，听牢骚是因为对方随机数自然生气。

2021.10.4
v0.12
修正了附带字体错误的BUG
修正了结束H时高潮次数清零导致刻印结算跳出的BUG
修正了习得结算因为没有初始化而跳出的BUG
修正了判断过24点里没有刷新时间的BUG
增加了NPC的AI行动，包括移动到玩家位置，对玩家聊天、身体接触、泡咖啡，并增加了对应的地文
修正了NPC的AI行动，进行任何非原地等待5mn的指令后，都会原地等待5min

2021.10.3
v0.11
修改了字体适配的问题，游戏文件夹下附带需要安装的字体
修正了口上连锁前提无法正常运行的问题
NPC已在跟随，且处于与玩家同一位置时，不再向玩家移动
触发的地文都加上了触发者的name
修正了已换成新前提的几个旧前提
想起来写更新日志了，于是把上次的也补上

2021.10.2
demo α 爆诞
v0.10

2021.5.25
v0.01
